<?xml version="1.0" encoding="UTF-8"?>
<Site BuildName="PICO-ninja"
	BuildStamp="20241117-0256-Experimental"
	Name="MLIB-KC-STU-LAP-FVFD37A2P3XY"
	Generator="ctest-3.28.6"
	CompilerName="/Users/u1530331/.pico-sdk/toolchain/13_2_Rel1/bin/arm-none-eabi-gcc"
	CompilerVersion="13.2.1"
	OSName="macOS"
	Hostname="MLIB-KC-STU-LAP-FVFD37A2P3XY"
	OSRelease="14.6.1"
	OSVersion="23G93"
	OSPlatform="x86_64"
	Is64Bits="1"
	VendorString="GenuineIntel"
	VendorID="Intel Corporation"
	FamilyID="6"
	ModelID="142"
	ProcessorCacheSize="32768"
	NumberOfLogicalCPU="8"
	NumberOfPhysicalCPU="4"
	TotalVirtualMemory="4096"
	TotalPhysicalMemory="8192"
	LogicalProcessorsPerPhysical="8"
	ProcessorClockFrequency="1400"
	>
	<Testing>
		<StartDateTime>Nov 16 19:56 MST</StartDateTime>
		<StartTestTime>1731812180</StartTestTime>
		<TestList/>
		<EndDateTime>Nov 16 19:56 MST</EndDateTime>
		<EndTestTime>1731812180</EndTestTime>
		<ElapsedMinutes>0</ElapsedMinutes>
	</Testing>
</Site>
